<?xml version="1.0" encoding="UTF-8" ?>
<testsuite failures="0" time="0.087" errors="1" skipped="0" tests="1" name="nl.knaw.dans.cmd2rdf.webui.TestHomePage">
  <properties>
[...]
</properties>
  <testcase time="0.075" classname="nl.knaw.dans.cmd2rdf.webui.TestHomePage" name="testRenderMyPage">
    <error message="org.slf4j.impl.StaticLoggerBinder.getSingleton()Lorg/slf4j/impl/StaticLoggerBinder;" type="java.lang.NoSuchMethodError">java.lang.NoSuchMethodError: org.slf4j.impl.StaticLoggerBinder.getSingleton()Lorg/slf4j/impl/StaticLoggerBinder;
	at org.slf4j.LoggerFactory.bind(LoggerFactory.java:128)
	at org.slf4j.LoggerFactory.performInitialization(LoggerFactory.java:107)
	at org.slf4j.LoggerFactory.getILoggerFactory(LoggerFactory.java:295)
	at org.slf4j.LoggerFactory.getLogger(LoggerFactory.java:269)
	at org.slf4j.LoggerFactory.getLogger(LoggerFactory.java:281)
	at org.apache.wicket.protocol.http.MockWebApplication.&lt;clinit&gt;(MockWebApplication.java:84)
	at nl.knaw.dans.cmd2rdf.webui.TestHomePage.setUp(TestHomePage.java:15)
	at junit.framework.TestCase.runBare(TestCase.java:128)
	at junit.framework.TestResult$1.protect(TestResult.java:106)
	at junit.framework.TestResult.runProtected(TestResult.java:124)
	at junit.framework.TestResult.run(TestResult.java:109)
	at junit.framework.TestCase.run(TestCase.java:120)
	at junit.framework.TestSuite.runTest(TestSuite.java:230)
	at junit.framework.TestSuite.run(TestSuite.java:225)
	at sun.reflect.NativeMethodAccessorImpl.invoke0(Native Method)
	at sun.reflect.NativeMethodAccessorImpl.invoke(NativeMethodAccessorImpl.java:57)
	at sun.reflect.DelegatingMethodAccessorImpl.invoke(DelegatingMethodAccessorImpl.java:43)
	at java.lang.reflect.Method.invoke(Method.java:606)
	at org.apache.maven.surefire.junit.JUnitTestSet.execute(JUnitTestSet.java:98)
	at org.apache.maven.surefire.junit.JUnit3Provider.executeTestSet(JUnit3Provider.java:107)
	at org.apache.maven.surefire.junit.JUnit3Provider.invoke(JUnit3Provider.java:84)
	at sun.reflect.NativeMethodAccessorImpl.invoke0(Native Method)
	at sun.reflect.NativeMethodAccessorImpl.invoke(NativeMethodAccessorImpl.java:57)
	at sun.reflect.DelegatingMethodAccessorImpl.invoke(DelegatingMethodAccessorImpl.java:43)
	at java.lang.reflect.Method.invoke(Method.java:606)
	at org.apache.maven.surefire.booter.ProviderFactory$ClassLoaderProxy.invoke(ProviderFactory.java:103)
	at com.sun.proxy.$Proxy0.invoke(Unknown Source)
	at org.apache.maven.surefire.booter.SurefireStarter.invokeProvider(SurefireStarter.java:150)
	at org.apache.maven.surefire.booter.SurefireStarter.runSuitesInProcess(SurefireStarter.java:91)
	at org.apache.maven.surefire.booter.ForkedBooter.main(ForkedBooter.java:69)
</error>
    <system-out>@HL
@HL-------------------------------------------------------
@HL T E S T S
@HL-------------------------------------------------------
@SLRunning nl.knaw.dans.cmd2rdf.webui.TestHomePage
</system-out>
    <system-err>SLF4J: Class path contains multiple SLF4J bindings.
SLF4J: Found binding in [jar:file:/Users/akmi/.m2/repository/org/slf4j/slf4j-log4j12/1.4.2/slf4j-log4j12-1.4.2.jar!/org/slf4j/impl/StaticLoggerBinder.class]
SLF4J: Found binding in [jar:file:/Users/akmi/.m2/repository/ch/qos/logback/logback-classic/1.1.2/logback-classic-1.1.2.jar!/org/slf4j/impl/StaticLoggerBinder.class]
SLF4J: See http://www.slf4j.org/codes.html#multiple_bindings for an explanation.
SLF4J: slf4j-api 1.6.x (or later) is incompatible with this binding.
SLF4J: Your binding is version 1.5.5 or earlier.
SLF4J: Upgrade your binding to version 1.6.x.
</system-err>
  </testcase>
</testsuite>